# JRE version: Java(TM) SE Runtime Environment (13.0.1+9) (build 13.0.1+9)
# Java VM: Java HotSpot(TM) 64-Bit Server VM (13.0.1+9, mixed mode, sharing, tiered, compressed oops, g1 gc, windows-amd64)
Heap:
 garbage-first heap   total 81920K, used 58664K [0x0000000604a00000, 0x0000000800000000)
  region size 2048K, 19 young (38912K), 0 survivors (0K)
 Metaspace       used 53955K, capacity 55865K, committed 56060K, reserved 1097728K
  class space    used 7443K, capacity 8145K, committed 8188K, reserved 1048576K
GC Heap History (20 events):
Event: 834.975 GC heap before
{Heap before GC invocations=18 (full 1):
 garbage-first heap   total 102400K, used 57810K [0x0000000604a00000, 0x0000000800000000)
  region size 2048K, 18 young (36864K), 1 survivors (2048K)
 Metaspace       used 53240K, capacity 54757K, committed 54780K, reserved 1095680K
  class space    used 7346K, capacity 7922K, committed 7932K, reserved 1048576K
}
Event: 834.976 GC heap after
{Heap after GC invocations=19 (full 1):
 garbage-first heap   total 102400K, used 25324K [0x0000000604a00000, 0x0000000800000000)
  region size 2048K, 2 young (4096K), 2 survivors (4096K)
 Metaspace       used 53240K, capacity 54757K, committed 54780K, reserved 1095680K
  class space    used 7346K, capacity 7922K, committed 7932K, reserved 1048576K
}
Event: 835.234 GC heap before
{Heap before GC invocations=19 (full 1):
 garbage-first heap   total 102400K, used 60140K [0x0000000604a00000, 0x0000000800000000)
  region size 2048K, 20 young (40960K), 2 survivors (4096K)
 Metaspace       used 53466K, capacity 55092K, committed 55164K, reserved 1095680K
  class space    used 7377K, capacity 8006K, committed 8060K, reserved 1048576K
}
Event: 835.236 GC heap after
{Heap after GC invocations=20 (full 1):
 garbage-first heap   total 102400K, used 27203K [0x0000000604a00000, 0x0000000800000000)
  region size 2048K, 3 young (6144K), 3 survivors (6144K)
 Metaspace       used 53466K, capacity 55092K, committed 55164K, reserved 1095680K
  class space    used 7377K, capacity 8006K, committed 8060K, reserved 1048576K
}
Event: 853.840 GC heap before
{Heap before GC invocations=20 (full 1):
 garbage-first heap   total 102400K, used 29251K [0x0000000604a00000, 0x0000000800000000)
  region size 2048K, 5 young (10240K), 3 survivors (6144K)
 Metaspace       used 53471K, capacity 55101K, committed 55164K, reserved 1095680K
  class space    used 7378K, capacity 8009K, committed 8060K, reserved 1048576K
}
Event: 853.886 GC heap after
{Heap after GC invocations=21 (full 2):
 garbage-first heap   total 90112K, used 21470K [0x0000000604a00000, 0x0000000800000000)
  region size 2048K, 0 young (0K), 0 survivors (0K)
 Metaspace       used 53468K, capacity 55095K, committed 55164K, reserved 1095680K
  class space    used 7378K, capacity 8008K, committed 8060K, reserved 1048576K
}
Event: 854.102 GC heap before
{Heap before GC invocations=21 (full 2):
 garbage-first heap   total 90112K, used 56286K [0x0000000604a00000, 0x0000000800000000)
  region size 2048K, 17 young (34816K), 0 survivors (0K)
 Metaspace       used 53498K, capacity 55135K, committed 55420K, reserved 1097728K
  class space    used 7385K, capacity 8019K, committed 8060K, reserved 1048576K
}
Event: 854.104 GC heap after
{Heap after GC invocations=22 (full 2):
 garbage-first heap   total 90112K, used 23247K [0x0000000604a00000, 0x0000000800000000)
  region size 2048K, 1 young (2048K), 1 survivors (2048K)
 Metaspace       used 53498K, capacity 55135K, committed 55420K, reserved 1097728K
  class space    used 7385K, capacity 8019K, committed 8060K, reserved 1048576K
}
Event: 854.207 GC heap before
{Heap before GC invocations=22 (full 2):
 garbage-first heap   total 90112K, used 58063K [0x0000000604a00000, 0x0000000800000000)
  region size 2048K, 19 young (38912K), 1 survivors (2048K)
 Metaspace       used 53533K, capacity 55207K, committed 55420K, reserved 1097728K
  class space    used 7390K, capacity 8023K, committed 8060K, reserved 1048576K
}
Event: 854.209 GC heap after
{Heap after GC invocations=23 (full 2):
 garbage-first heap   total 90112K, used 23769K [0x0000000604a00000, 0x0000000800000000)
  region size 2048K, 2 young (4096K), 2 survivors (4096K)
 Metaspace       used 53533K, capacity 55207K, committed 55420K, reserved 1097728K
  class space    used 7390K, capacity 8023K, committed 8060K, reserved 1048576K
}
Event: 855.079 GC heap before
{Heap before GC invocations=23 (full 2):
 garbage-first heap   total 90112K, used 58585K [0x0000000604a00000, 0x0000000800000000)
  region size 2048K, 20 young (40960K), 2 survivors (4096K)
 Metaspace       used 53672K, capacity 55403K, committed 55548K, reserved 1097728K
  class space    used 7402K, capacity 8063K, committed 8188K, reserved 1048576K
}
Event: 855.082 GC heap after
{Heap after GC invocations=24 (full 2):
 garbage-first heap   total 90112K, used 25448K [0x0000000604a00000, 0x0000000800000000)
  region size 2048K, 2 young (4096K), 2 survivors (4096K)
 Metaspace       used 53672K, capacity 55403K, committed 55548K, reserved 1097728K
  class space    used 7402K, capacity 8063K, committed 8188K, reserved 1048576K
}
Event: 873.100 GC heap before
{Heap before GC invocations=24 (full 2):
 garbage-first heap   total 90112K, used 27496K [0x0000000604a00000, 0x0000000800000000)
  region size 2048K, 4 young (8192K), 2 survivors (4096K)
 Metaspace       used 53675K, capacity 55409K, committed 55548K, reserved 1097728K
  class space    used 7402K, capacity 8065K, committed 8188K, reserved 1048576K
}
Event: 873.146 GC heap after
{Heap after GC invocations=25 (full 3):
 garbage-first heap   total 90112K, used 21622K [0x0000000604a00000, 0x0000000800000000)
  region size 2048K, 0 young (0K), 0 survivors (0K)
 Metaspace       used 53668K, capacity 55397K, committed 55548K, reserved 1097728K
  class space    used 7401K, capacity 8062K, committed 8188K, reserved 1048576K
}
Event: 873.451 GC heap before
{Heap before GC invocations=25 (full 3):
 garbage-first heap   total 90112K, used 60534K [0x0000000604a00000, 0x0000000800000000)
  region size 2048K, 19 young (38912K), 0 survivors (0K)
 Metaspace       used 53743K, capacity 55550K, committed 55804K, reserved 1097728K
  class space    used 7416K, capacity 8113K, committed 8188K, reserved 1048576K
}
Event: 873.453 GC heap after
{Heap after GC invocations=26 (full 3):
 garbage-first heap   total 90112K, used 23603K [0x0000000604a00000, 0x0000000800000000)
  region size 2048K, 1 young (2048K), 1 survivors (2048K)
 Metaspace       used 53743K, capacity 55550K, committed 55804K, reserved 1097728K
  class space    used 7416K, capacity 8113K, committed 8188K, reserved 1048576K
}
Event: 873.502 GC heap before
{Heap before GC invocations=26 (full 3):
 garbage-first heap   total 90112K, used 60467K [0x0000000604a00000, 0x0000000800000000)
  region size 2048K, 20 young (40960K), 1 survivors (2048K)
 Metaspace       used 53743K, capacity 55550K, committed 55804K, reserved 1097728K
  class space    used 7416K, capacity 8113K, committed 8188K, reserved 1048576K
}
Event: 873.504 GC heap after
{Heap after GC invocations=27 (full 3):
 garbage-first heap   total 90112K, used 23941K [0x0000000604a00000, 0x0000000800000000)
  region size 2048K, 2 young (4096K), 2 survivors (4096K)
 Metaspace       used 53743K, capacity 55550K, committed 55804K, reserved 1097728K
  class space    used 7416K, capacity 8113K, committed 8188K, reserved 1048576K
}
Event: 892.321 GC heap before
{Heap before GC invocations=27 (full 3):
 garbage-first heap   total 90112K, used 54661K [0x0000000604a00000, 0x0000000800000000)
  region size 2048K, 18 young (36864K), 2 survivors (4096K)
 Metaspace       used 53930K, capacity 55789K, committed 56060K, reserved 1097728K
  class space    used 7438K, capacity 8140K, committed 8188K, reserved 1048576K
}
Event: 892.353 GC heap after
{Heap after GC invocations=28 (full 4):
 garbage-first heap   total 81920K, used 21800K [0x0000000604a00000, 0x0000000800000000)
  region size 2048K, 0 young (0K), 0 survivors (0K)
 Metaspace       used 53923K, capacity 55777K, committed 56060K, reserved 1097728K
  class space    used 7436K, capacity 8137K, committed 8188K, reserved 1048576K
}

